<?xml version="1.0" encoding="UTF-8"?>
<testng-results skipped="0" failed="0" ignored="0" total="1" passed="1">
  <reporter-output>
  </reporter-output>
  <suite name="Default suite" duration-ms="36561" started-at="2019-04-27T05:08:40Z" finished-at="2019-04-27T05:09:16Z">
    <groups>
    </groups>
    <test name="Default test" duration-ms="36561" started-at="2019-04-27T05:08:40Z" finished-at="2019-04-27T05:09:16Z">
      <class name="SprintImplementation.smoketest">
        <test-method status="PASS" signature="smoketest1_1()[pri:0, instance:SprintImplementation.smoketest@5bcab519]" name="smoketest1_1" duration-ms="36507" started-at="2019-04-27T05:08:40Z" finished-at="2019-04-27T05:09:16Z">
          <reporter-output>
          </reporter-output>
        </test-method> <!-- smoketest1_1 -->
      </class> <!-- SprintImplementation.smoketest -->
    </test> <!-- Default test -->
  </suite> <!-- Default suite -->
</testng-results>
